<?xml version="1.0" encoding="UTF-8"?>
<!-- Generated by org.testng.reporters.JUnitXMLReporter -->
<testsuite ignored="0" hostname="LAPTOP-9QSEN6ME" failures="1" tests="2" name="Test" time="0.042" errors="0" timestamp="19 Mar 2023 09:18:56 GMT">
  <testcase classname="listeners.LoginTest" name="loginByEmail" time="0.01"/>
  <testcase classname="listeners.LoginTest" name="loginByFacebook" time="0.001">
    <failure type="java.lang.AssertionError" message="expected [Latika] but found [Pravin]">
      <![CDATA[java.lang.AssertionError: expected [Latika] but found [Pravin]
at listeners.LoginTest.loginByFacebook(LoginTest.java:19)
... Removed 31 stack frames]]>
    </failure>
  </testcase> <!-- loginByFacebook -->
</testsuite> <!-- Test -->
