<?xml version="1.0" encoding="UTF-8"?>
<testng-results ignored="0" total="1" passed="1" failed="0" skipped="0">
  <reporter-output>
  </reporter-output>
  <suite started-at="2023-04-08T16:14:21Z" name="Suite" finished-at="2023-04-08T16:14:28Z" duration-ms="6384">
    <groups>
    </groups>
    <test started-at="2023-04-08T16:14:21Z" name="Test" finished-at="2023-04-08T16:14:28Z" duration-ms="6384">
      <class name="com.inetBanking.testCases.TC_LoginTest_001">
        <test-method is-config="true" signature="setup(java.lang.String)[pri:0, instance:com.inetBanking.testCases.TC_LoginTest_001@19b89d4]" started-at="2023-04-08T16:14:22Z" name="setup" finished-at="2023-04-08T16:14:26Z" duration-ms="4668" status="PASS">
          <params>
            <param index="0">
              <value>
                <![CDATA[chrome]]>
              </value>
            </param>
          </params>
          <reporter-output>
          </reporter-output>
        </test-method> <!-- setup -->
        <test-method signature="loginTest()[pri:0, instance:com.inetBanking.testCases.TC_LoginTest_001@19b89d4]" started-at="2023-04-08T16:14:26Z" name="loginTest" finished-at="2023-04-08T16:14:28Z" duration-ms="1359" status="PASS">
          <reporter-output>
          </reporter-output>
        </test-method> <!-- loginTest -->
      </class> <!-- com.inetBanking.testCases.TC_LoginTest_001 -->
    </test> <!-- Test -->
  </suite> <!-- Suite -->
</testng-results>
