<?xml version="1.0" encoding="UTF-8"?>
<testng-results ignored="0" total="1" passed="1" failed="0" skipped="0">
  <reporter-output>
  </reporter-output>
  <suite started-at="2023-04-08T11:12:02Z" name="Suite" finished-at="2023-04-08T11:12:09Z" duration-ms="7362">
    <groups>
    </groups>
    <test started-at="2023-04-08T11:12:02Z" name="Test" finished-at="2023-04-08T11:12:09Z" duration-ms="7362">
      <class name="com.inetBanking.testCases.TC_LoginTest_001">
        <test-method is-config="true" signature="setup(java.lang.String)[pri:0, instance:com.inetBanking.testCases.TC_LoginTest_001@409c54f]" started-at="2023-04-08T11:12:02Z" name="setup" finished-at="2023-04-08T11:12:08Z" duration-ms="5662" status="PASS">
          <params>
            <param index="0">
              <value>
                <![CDATA[chrome]]>
              </value>
            </param>
          </params>
          <reporter-output>
          </reporter-output>
        </test-method> <!-- setup -->
        <test-method signature="loginTest()[pri:0, instance:com.inetBanking.testCases.TC_LoginTest_001@409c54f]" started-at="2023-04-08T11:12:08Z" name="loginTest" finished-at="2023-04-08T11:12:09Z" duration-ms="1327" status="PASS">
          <reporter-output>
          </reporter-output>
        </test-method> <!-- loginTest -->
      </class> <!-- com.inetBanking.testCases.TC_LoginTest_001 -->
    </test> <!-- Test -->
  </suite> <!-- Suite -->
</testng-results>
